Samples do not have callchains.
           time    cpu  task name                       wait time  sch delay   run time
                        [tid/pid]                          (msec)     (msec)     (msec)
--------------- ------  ------------------------------  ---------  ---------  ---------
     519.858200 [0003]  ruby[2699/2577]                     0.000      0.000      0.000 
     519.864032 [0002]  ruby[2700/2577]                     0.000      0.000      0.000 
     519.866350 [0002]  ruby[2700/2577]                     0.000      0.000      2.318 
     519.867371 [0002]  ruby[2700/2577]                     0.000      0.000      1.020 
     519.867751 [0002]  ruby[2700/2577]                     0.000      0.000      0.380 
     519.867771 [0003]  threads_app.rb*[2699/2577]          4.347      0.000      5.222 
     519.868080 [0003]  threads_app.rb*[2699/2577]          0.000      0.000      0.309 
     519.868156 [0002]  threads_app.rb*[2700/2577]          0.000      0.000      0.405 
     519.868876 [0003]  threads_app.rb*[2699/2577]          0.000      0.000      0.796 
     519.970295 [0002]  threads_app.rb*[2700/2577]          0.000      0.000    102.138 
     520.070439 [0002]  threads_app.rb*[2700/2577]          0.000      0.000    100.143 
     520.175205 [0002]  threads_app.rb*[2700/2577]          0.000      0.000    104.765 
     520.278995 [0002]  threads_app.rb*[2700/2577]          0.000      0.000    103.789 
     520.383433 [0002]  threads_app.rb*[2700/2577]          0.000      0.000    104.438 
     520.483999 [0002]  threads_app.rb*[2700/2577]          0.000      0.000    100.565 
     520.584328 [0000]  threads_app.rb*[2700/2577]          0.000      0.000    716.737 
     520.686841 [0000]  threads_app.rb*[2700/2577]          0.000      0.000    102.512 
     520.788142 [0000]  threads_app.rb*[2700/2577]          0.000      0.000    101.300 
     520.888481 [0000]  threads_app.rb*[2700/2577]          0.000      0.000    100.338 
     520.899459 [0002]  threads_app.rb*[2700/2577]          0.000      0.000     11.433 
     520.991549 [0002]  threads_app.rb*[2700/2577]          0.000      0.000     92.090 
     521.092841 [0002]  threads_app.rb*[2700/2577]          0.000      0.000    101.291 
     521.194984 [0002]  threads_app.rb*[2700/2577]          0.000      0.000    102.142 
     521.295363 [0002]  threads_app.rb*[2700/2577]          0.000      0.000    100.379 
     521.397160 [0002]  threads_app.rb*[2700/2577]          0.000      0.000    101.796 
     521.500567 [0002]  threads_app.rb*[2700/2577]          0.000      0.000    103.407 
     521.600899 [0002]  threads_app.rb*[2700/2577]          0.000      0.000    100.331 
     521.704132 [0002]  threads_app.rb*[2700/2577]          0.000      0.000    103.232 
     521.809246 [0002]  threads_app.rb*[2700/2577]          0.000      0.000    105.114 
     521.912030 [0002]  threads_app.rb*[2700/2577]          0.000      0.000    102.783 
     522.015632 [0002]  threads_app.rb*[2700/2577]          0.000      0.000    103.602 
     522.119645 [0002]  threads_app.rb*[2700/2577]          0.000      0.000    104.013 
     522.224145 [0002]  threads_app.rb*[2700/2577]          0.000      0.000    104.500 
     522.327903 [0002]  threads_app.rb*[2700/2577]          0.000      0.000    103.757 
     522.431747 [0002]  threads_app.rb*[2700/2577]          0.000      0.000    103.843 
     522.536315 [0002]  threads_app.rb*[2700/2577]          0.000      0.000    104.568 
     522.640183 [0002]  threads_app.rb*[2700/2577]          0.000      0.000    103.867 
     522.744199 [0002]  threads_app.rb*[2700/2577]          0.000      0.000    104.016 
     522.845252 [0002]  threads_app.rb*[2700/2577]          0.000      0.000    101.052 
     522.945760 [0002]  threads_app.rb*[2700/2577]          0.000      0.000    100.508 
     523.046304 [0002]  threads_app.rb*[2700/2577]          0.000      0.000    100.544 
     523.149475 [0002]  threads_app.rb*[2700/2577]          0.000      0.000    103.170 
     523.249777 [0002]  threads_app.rb*[2700/2577]          0.000      0.000    100.302 
     523.353025 [0002]  threads_app.rb*[2700/2577]          0.000      0.000    103.247 
     523.456367 [0002]  threads_app.rb*[2700/2577]          0.000      0.000    103.341 
     523.558135 [0002]  threads_app.rb*[2700/2577]          0.000      0.000    101.767 
     523.661711 [0002]  threads_app.rb*[2700/2577]          0.000      0.000    103.576 
     523.765602 [0002]  threads_app.rb*[2700/2577]          0.000      0.000    103.890 
     523.868952 [0002]  threads_app.rb*[2700/2577]          0.000      0.000    103.349 
     523.969587 [0002]  threads_app.rb*[2700/2577]          0.000      0.000    100.634 
     524.069974 [0002]  threads_app.rb*[2700/2577]          0.000      0.000    100.387 
     524.174051 [0002]  threads_app.rb*[2700/2577]          0.000      0.000    104.077 
     524.277919 [0002]  threads_app.rb*[2700/2577]          0.000      0.000    103.867 
     524.378446 [0002]  threads_app.rb*[2700/2577]          0.000      0.000    100.526 
     524.478820 [0002]  threads_app.rb*[2700/2577]          0.000      0.000    100.374 
     524.582916 [0002]  threads_app.rb*[2700/2577]          0.000      0.000    104.096 
     524.686677 [0002]  threads_app.rb*[2700/2577]          0.000      0.000    103.760 
     524.788978 [0002]  threads_app.rb*[2700/2577]          0.000      0.000    102.301 
     524.891612 [0002]  threads_app.rb*[2700/2577]          0.000      0.000    102.633 
     524.995040 [0002]  threads_app.rb*[2700/2577]          0.000      0.000    103.428 
     525.096483 [0002]  threads_app.rb*[2700/2577]          0.000      0.000    101.442 
     525.199721 [0002]  threads_app.rb*[2700/2577]          0.000      0.000    103.237 
     525.303273 [0002]  threads_app.rb*[2700/2577]          0.000      0.000    103.552 
     525.406438 [0002]  threads_app.rb*[2700/2577]          0.000      0.000    103.164 
     525.508156 [0002]  threads_app.rb*[2700/2577]          0.000      0.000    101.718 
     525.611831 [0002]  threads_app.rb*[2700/2577]          0.000      0.000    103.674 
     525.611871 [0002]  threads_app.rb*[2700/2577]          0.000      0.000      0.040 
     525.716498 [0002]  threads_app.rb*[2700/2577]          0.000      0.000    104.626 
     525.821432 [0002]  threads_app.rb*[2700/2577]          0.000      0.000    104.933 
     525.926396 [0002]  threads_app.rb*[2700/2577]          0.000      0.000    104.964 
     526.028504 [0002]  threads_app.rb*[2700/2577]          0.000      0.000    102.107 
     526.132916 [0002]  threads_app.rb*[2700/2577]          0.000      0.000    104.411 
     526.237822 [0002]  threads_app.rb*[2700/2577]          0.000      0.000    104.906 
     526.340940 [0002]  threads_app.rb*[2700/2577]          0.000      0.000    103.118 
     526.444721 [0002]  threads_app.rb*[2700/2577]          0.000      0.000    103.781 
     526.548090 [0002]  threads_app.rb*[2700/2577]          0.000      0.000    103.368 
     526.649917 [0002]  threads_app.rb*[2700/2577]          0.000      0.000    101.826 
     526.754247 [0002]  threads_app.rb*[2700/2577]          0.000      0.000    104.330 
     526.856790 [0002]  threads_app.rb*[2700/2577]          0.000      0.000    102.542 
     526.958331 [0002]  threads_app.rb*[2700/2577]          0.000      0.000    101.541 
     527.061469 [0002]  threads_app.rb*[2700/2577]          0.000      0.000    103.137 
     527.161882 [0002]  threads_app.rb*[2700/2577]          0.000      0.000    100.413 
     527.265845 [0002]  threads_app.rb*[2700/2577]          0.000      0.000    103.962 
     527.366441 [0002]  threads_app.rb*[2700/2577]          0.000      0.000    100.596 
     527.467084 [0002]  threads_app.rb*[2700/2577]          0.000      0.000    100.642 
     527.569659 [0002]  threads_app.rb*[2700/2577]          0.000      0.000    102.575 
     527.671883 [0002]  threads_app.rb*[2700/2577]          0.000      0.000    102.224 
     527.772282 [0002]  threads_app.rb*[2700/2577]          0.000      0.000    100.398 
     527.876187 [0002]  threads_app.rb*[2700/2577]          0.000      0.000    103.905 
     527.978828 [0002]  threads_app.rb*[2700/2577]          0.000      0.000    102.641 
     528.081795 [0002]  threads_app.rb*[2700/2577]          0.000      0.000    102.966 
     528.182740 [0002]  threads_app.rb*[2700/2577]          0.000      0.000    100.945 
     528.286415 [0002]  threads_app.rb*[2700/2577]          0.000      0.000    103.674 
     528.391084 [0002]  threads_app.rb*[2700/2577]          0.000      0.000    104.668 
     528.491696 [0002]  threads_app.rb*[2700/2577]          0.000      0.000    100.612 
     528.593681 [0002]  threads_app.rb*[2700/2577]          0.000      0.000    101.985 
     528.693929 [0002]  threads_app.rb*[2700/2577]          0.000      0.000    100.247 
     528.795083 [0002]  threads_app.rb*[2700/2577]          0.000      0.000    101.154 
     528.898993 [0002]  threads_app.rb*[2700/2577]          0.000      0.000    103.910 
     529.003591 [0002]  threads_app.rb*[2700/2577]          0.000      0.000    104.597 
     529.103886 [0002]  threads_app.rb*[2700/2577]          0.000      0.000    100.294 
     529.205574 [0002]  threads_app.rb*[2700/2577]          0.000      0.000    101.688 
     529.309316 [0002]  threads_app.rb*[2700/2577]          0.000      0.000    103.741 
     529.411911 [0002]  threads_app.rb*[2700/2577]          0.000      0.000    102.595 
     529.514320 [0002]  threads_app.rb*[2700/2577]          0.000      0.000    102.408 
     529.616481 [0002]  threads_app.rb*[2700/2577]          0.000      0.000    102.161 
     529.721219 [0002]  threads_app.rb*[2700/2577]          0.000      0.000    104.737 
     529.824823 [0002]  threads_app.rb*[2700/2577]          0.000      0.000    103.604 
     529.900481 [0003]  threads_app.rb*[2699/2577]          0.000      0.000  10031.605 
     529.925590 [0002]  threads_app.rb*[2700/2577]          0.000      0.000    100.766 
     530.004279 [0003]  threads_app.rb*[2699/2577]          0.000      0.000    103.798 
     530.025801 [0002]  threads_app.rb*[2700/2577]          0.000      0.000    100.211 
     530.105451 [0003]  threads_app.rb*[2699/2577]          0.000      0.000    101.172 
     530.129051 [0002]  threads_app.rb*[2700/2577]          0.000      0.000    103.249 
     530.207152 [0003]  threads_app.rb*[2699/2577]          0.000      0.000    101.700 
     530.230535 [0002]  threads_app.rb*[2700/2577]          0.000      0.000    101.484 
     530.311811 [0003]  threads_app.rb*[2699/2577]          0.000      0.000    104.658 
     530.333862 [0002]  threads_app.rb*[2700/2577]          0.000      0.000    103.327 
     530.414096 [0003]  threads_app.rb*[2699/2577]          0.000      0.000    102.285 
     530.434130 [0002]  threads_app.rb*[2700/2577]          0.000      0.000    100.268 
     530.517103 [0003]  threads_app.rb*[2699/2577]          0.000      0.000    103.006 
     530.536303 [0002]  threads_app.rb*[2700/2577]          0.000      0.000    102.172 
     530.619655 [0003]  threads_app.rb*[2699/2577]          0.000      0.000    102.551 
     530.636641 [0002]  threads_app.rb*[2700/2577]          0.000      0.000    100.337 
     530.721477 [0003]  threads_app.rb*[2699/2577]          0.000      0.000    101.822 
     530.737018 [0002]  threads_app.rb*[2700/2577]          0.000      0.000    100.377 
     530.824717 [0003]  threads_app.rb*[2699/2577]          0.000      0.000    103.239 
     530.841268 [0002]  threads_app.rb*[2700/2577]          0.000      0.000    104.250 
     530.928758 [0003]  threads_app.rb*[2699/2577]          0.000      0.000    104.040 
     530.944861 [0002]  threads_app.rb*[2700/2577]          0.000      0.000    103.593 
     531.030742 [0003]  threads_app.rb*[2699/2577]          0.000      0.000    101.984 
     531.048626 [0002]  threads_app.rb*[2700/2577]          0.000      0.000    103.765 
     531.135692 [0003]  threads_app.rb*[2699/2577]          0.000      0.000    104.949 
     531.150104 [0002]  threads_app.rb*[2700/2577]          0.000      0.000    101.477 
     531.236269 [0003]  threads_app.rb*[2699/2577]          0.000      0.000    100.577 
     531.250370 [0002]  threads_app.rb*[2700/2577]          0.000      0.000    100.266 
     531.341529 [0003]  threads_app.rb*[2699/2577]          0.000      0.000    105.259 
     531.353315 [0002]  threads_app.rb*[2700/2577]          0.000      0.000    102.944 
     531.441979 [0003]  threads_app.rb*[2699/2577]          0.000      0.000    100.449 
     531.454111 [0002]  threads_app.rb*[2700/2577]          0.000      0.000    100.796 
     531.543629 [0003]  threads_app.rb*[2699/2577]          0.000      0.000    101.649 
     531.554407 [0002]  threads_app.rb*[2700/2577]          0.000      0.000    100.296 
     531.646506 [0003]  threads_app.rb*[2699/2577]          0.000      0.000    102.876 
     531.659292 [0002]  threads_app.rb*[2700/2577]          0.000      0.000    104.885 
     531.746834 [0003]  threads_app.rb*[2699/2577]          0.000      0.000    100.328 
     531.763129 [0002]  threads_app.rb*[2700/2577]          0.000      0.000    103.836 
     531.848760 [0003]  threads_app.rb*[2699/2577]          0.000      0.000    101.925 
     531.865259 [0002]  threads_app.rb*[2700/2577]          0.000      0.000    102.130 
     531.954155 [0003]  threads_app.rb*[2699/2577]          0.000      0.000    105.395 
     531.969084 [0002]  threads_app.rb*[2700/2577]          0.000      0.000    103.825 
     532.058325 [0003]  threads_app.rb*[2699/2577]          0.000      0.000    104.169 
     532.074943 [0002]  threads_app.rb*[2700/2577]          0.000      0.000    105.858 
     532.161910 [0003]  threads_app.rb*[2699/2577]          0.000      0.000    103.585 
     532.178901 [0002]  threads_app.rb*[2700/2577]          0.000      0.000    103.958 
     532.263391 [0003]  threads_app.rb*[2699/2577]          0.000      0.000    101.480 
     532.283646 [0002]  threads_app.rb*[2700/2577]          0.000      0.000    104.745 
     532.366728 [0003]  threads_app.rb*[2699/2577]          0.000      0.000    103.337 
     532.386558 [0002]  threads_app.rb*[2700/2577]          0.000      0.000    102.912 
     532.467922 [0003]  threads_app.rb*[2699/2577]          0.000      0.000    101.194 
     532.487893 [0002]  threads_app.rb*[2700/2577]          0.000      0.000    101.334 
     532.569640 [0003]  threads_app.rb*[2699/2577]          0.000      0.000    101.717 
     532.591607 [0002]  threads_app.rb*[2700/2577]          0.000      0.000    103.714 
     532.672129 [0003]  threads_app.rb*[2699/2577]          0.000      0.000    102.489 
     532.696601 [0002]  threads_app.rb*[2700/2577]          0.000      0.000    104.993 
     532.774782 [0003]  threads_app.rb*[2699/2577]          0.000      0.000    102.652 
     532.800843 [0002]  threads_app.rb*[2700/2577]          0.000      0.000    104.242 
     532.878447 [0003]  threads_app.rb*[2699/2577]          0.000      0.000    103.665 
     532.902956 [0002]  threads_app.rb*[2700/2577]          0.000      0.000    102.112 
     532.983063 [0003]  threads_app.rb*[2699/2577]          0.000      0.000    104.616 
     533.006803 [0002]  threads_app.rb*[2700/2577]          0.000      0.000    103.847 
     533.086317 [0003]  threads_app.rb*[2699/2577]          0.000      0.000    103.254 
     533.110468 [0002]  threads_app.rb*[2700/2577]          0.000      0.000    103.665 
     533.191278 [0003]  threads_app.rb*[2699/2577]          0.000      0.000    104.960 
     533.213703 [0002]  threads_app.rb*[2700/2577]          0.000      0.000    103.234 
     533.292383 [0003]  threads_app.rb*[2699/2577]          0.000      0.000    101.105 
     533.316002 [0002]  threads_app.rb*[2700/2577]          0.000      0.000    102.299 
     533.397248 [0003]  threads_app.rb*[2699/2577]          0.000      0.000    104.864 
     533.418207 [0002]  threads_app.rb*[2700/2577]          0.000      0.000    102.204 
     533.498662 [0003]  threads_app.rb*[2699/2577]          0.000      0.000    101.414 
     533.519600 [0002]  threads_app.rb*[2700/2577]          0.000      0.000    101.393 
     533.601012 [0003]  threads_app.rb*[2699/2577]          0.000      0.000    102.350 
     533.624382 [0002]  threads_app.rb*[2700/2577]          0.000      0.000    104.781 
     533.702911 [0003]  threads_app.rb*[2699/2577]          0.000      0.000    101.898 
     533.728333 [0002]  threads_app.rb*[2700/2577]          0.000      0.000    103.951 
     533.806068 [0003]  threads_app.rb*[2699/2577]          0.000      0.000    103.156 
     533.833384 [0002]  threads_app.rb*[2700/2577]          0.000      0.000    105.051 
     533.908559 [0003]  threads_app.rb*[2699/2577]          0.000      0.000    102.490 
     533.936404 [0002]  threads_app.rb*[2700/2577]          0.000      0.000    103.019 
     534.013129 [0003]  threads_app.rb*[2699/2577]          0.000      0.000    104.570 
     534.040198 [0002]  threads_app.rb*[2700/2577]          0.000      0.000    103.794 
     534.116469 [0003]  threads_app.rb*[2699/2577]          0.000      0.000    103.339 
     534.144705 [0002]  threads_app.rb*[2700/2577]          0.000      0.000    104.506 
     534.216769 [0003]  threads_app.rb*[2699/2577]          0.000      0.000    100.300 
     534.245140 [0002]  threads_app.rb*[2700/2577]          0.000      0.000    100.434 
     534.320945 [0003]  threads_app.rb*[2699/2577]          0.000      0.000    104.175 
     534.348784 [0002]  threads_app.rb*[2700/2577]          0.000      0.000    103.644 
     534.422123 [0003]  threads_app.rb*[2699/2577]          0.000      0.000    101.177 
     534.449667 [0002]  threads_app.rb*[2700/2577]          0.000      0.000    100.883 
     534.524712 [0003]  threads_app.rb*[2699/2577]          0.000      0.000    102.589 
     534.550019 [0002]  threads_app.rb*[2700/2577]          0.000      0.000    100.351 
     534.628473 [0003]  threads_app.rb*[2699/2577]          0.000      0.000    103.760 
     534.652949 [0002]  threads_app.rb*[2700/2577]          0.000      0.000    102.930 
     534.731007 [0003]  threads_app.rb*[2699/2577]          0.000      0.000    102.534 
     534.756893 [0002]  threads_app.rb*[2700/2577]          0.000      0.000    103.944 
     534.833203 [0003]  threads_app.rb*[2699/2577]          0.000      0.000    102.196 
     534.859800 [0002]  threads_app.rb*[2700/2577]          0.000      0.000    102.906 
     534.933858 [0003]  threads_app.rb*[2699/2577]          0.000      0.000    100.654 
     534.963177 [0002]  threads_app.rb*[2700/2577]          0.000      0.000    103.377 
     535.038815 [0003]  threads_app.rb*[2699/2577]          0.000      0.000    104.957 
     535.065759 [0002]  threads_app.rb*[2700/2577]          0.000      0.000    102.581 
     535.169675 [0002]  threads_app.rb*[2700/2577]          0.000      0.000    103.916 
     535.270201 [0002]  threads_app.rb*[2700/2577]          0.000      0.000    100.526 
